<?xml version="1.0" encoding="UTF-8"?>
<testsuite xmlns:xsi="http://www.w3.org/2001/XMLSchema-instance" xsi:noNamespaceSchemaLocation="https://maven.apache.org/surefire/maven-surefire-plugin/xsd/surefire-test-report.xsd" name="com.example.demo.controller.RecommendationControllerTest" time="3.029" tests="3" errors="0" skipped="0" failures="0">
  <properties>
[...]
</properties>
  <testcase name="testDeleteRecSuccess" classname="com.example.demo.controller.RecommendationControllerTest" time="0.271"/>
  <testcase name="testAddRecSuccess" classname="com.example.demo.controller.RecommendationControllerTest" time="0.051"/>
  <testcase name="testGetRecsSuccess" classname="com.example.demo.controller.RecommendationControllerTest" time="0.005"/>
</testsuite>